C:\Users\FatemehGhaffari\Desktop\boomerang\Boomrang.App\Client\dist\out-tsc\app\bit.js
C:\Users\FatemehGhaffari\Desktop\boomerang\Boomrang.App\Client\dist\out-tsc\app\bit.js.map
C:\Users\FatemehGhaffari\Desktop\boomerang\Boomrang.App\Client\dist\out-tsc\app\_common\common.service.js
C:\Users\FatemehGhaffari\Desktop\boomerang\Boomrang.App\Client\dist\out-tsc\app\_common\common.service.js.map
C:\Users\FatemehGhaffari\Desktop\boomerang\Boomrang.App\Client\dist\out-tsc\app\_common\add-data\add-data\add-data.component.js
C:\Users\FatemehGhaffari\Desktop\boomerang\Boomrang.App\Client\dist\out-tsc\app\_common\add-data\add-data\add-data.component.js.map
C:\Users\FatemehGhaffari\Desktop\boomerang\Boomrang.App\Client\dist\out-tsc\app\_common\local-db.service.js
C:\Users\FatemehGhaffari\Desktop\boomerang\Boomrang.App\Client\dist\out-tsc\app\_common\local-db.service.js.map
C:\Users\FatemehGhaffari\Desktop\boomerang\Boomrang.App\Client\dist\out-tsc\app\_common\login\components\login.component.js
C:\Users\FatemehGhaffari\Desktop\boomerang\Boomrang.App\Client\dist\out-tsc\app\_common\login\components\login.component.js.map
C:\Users\FatemehGhaffari\Desktop\boomerang\Boomrang.App\Client\dist\out-tsc\app\_common\add-company\add-company.component.js
C:\Users\FatemehGhaffari\Desktop\boomerang\Boomrang.App\Client\dist\out-tsc\app\_common\add-company\add-company.component.js.map
C:\Users\FatemehGhaffari\Desktop\boomerang\Boomrang.App\Client\dist\out-tsc\app\_common\signup\signup.component.js
C:\Users\FatemehGhaffari\Desktop\boomerang\Boomrang.App\Client\dist\out-tsc\app\_common\signup\signup.component.js.map
C:\Users\FatemehGhaffari\Desktop\boomerang\Boomrang.App\Client\dist\out-tsc\app\_admin\data-list\data-list\data-list.component.js
C:\Users\FatemehGhaffari\Desktop\boomerang\Boomrang.App\Client\dist\out-tsc\app\_admin\data-list\data-list\data-list.component.js.map
C:\Users\FatemehGhaffari\Desktop\boomerang\Boomrang.App\Client\dist\out-tsc\app\_admin\admin-list\user-list\user-list.component.js
C:\Users\FatemehGhaffari\Desktop\boomerang\Boomrang.App\Client\dist\out-tsc\app\_admin\admin-list\user-list\user-list.component.js.map
C:\Users\FatemehGhaffari\Desktop\boomerang\Boomrang.App\Client\dist\out-tsc\app\_common\edit-data\edit-company.component.js
C:\Users\FatemehGhaffari\Desktop\boomerang\Boomrang.App\Client\dist\out-tsc\app\_common\edit-data\edit-company.component.js.map
C:\Users\FatemehGhaffari\Desktop\boomerang\Boomrang.App\Client\dist\out-tsc\app\app-routing.module.js
C:\Users\FatemehGhaffari\Desktop\boomerang\Boomrang.App\Client\dist\out-tsc\app\app-routing.module.js.map
C:\Users\FatemehGhaffari\Desktop\boomerang\Boomrang.App\Client\dist\out-tsc\app\app.component.js
C:\Users\FatemehGhaffari\Desktop\boomerang\Boomrang.App\Client\dist\out-tsc\app\app.component.js.map
C:\Users\FatemehGhaffari\Desktop\boomerang\Boomrang.App\Client\dist\out-tsc\app\_common\navbar\components\navbar.component.js
C:\Users\FatemehGhaffari\Desktop\boomerang\Boomrang.App\Client\dist\out-tsc\app\_common\navbar\components\navbar.component.js.map
C:\Users\FatemehGhaffari\Desktop\boomerang\Boomrang.App\Client\dist\out-tsc\app\custom.pipe.js
C:\Users\FatemehGhaffari\Desktop\boomerang\Boomrang.App\Client\dist\out-tsc\app\custom.pipe.js.map
C:\Users\FatemehGhaffari\Desktop\boomerang\Boomrang.App\Client\dist\out-tsc\app\app.module.js
C:\Users\FatemehGhaffari\Desktop\boomerang\Boomrang.App\Client\dist\out-tsc\app\app.module.js.map
C:\Users\FatemehGhaffari\Desktop\boomerang\Boomrang.App\Client\dist\out-tsc\environments\environment.js
C:\Users\FatemehGhaffari\Desktop\boomerang\Boomrang.App\Client\dist\out-tsc\environments\environment.js.map
C:\Users\FatemehGhaffari\Desktop\boomerang\Boomrang.App\Client\dist\out-tsc\main.js
C:\Users\FatemehGhaffari\Desktop\boomerang\Boomrang.App\Client\dist\out-tsc\main.js.map
C:\Users\FatemehGhaffari\Desktop\boomerang\Boomrang.App\Client\dist\out-tsc\polyfills.js
C:\Users\FatemehGhaffari\Desktop\boomerang\Boomrang.App\Client\dist\out-tsc\polyfills.js.map
C:\Users\FatemehGhaffari\Desktop\boomerang\Boomrang.App\Client\dist\out-tsc\test.js
C:\Users\FatemehGhaffari\Desktop\boomerang\Boomrang.App\Client\dist\out-tsc\test.js.map
C:\Users\FatemehGhaffari\Desktop\boomerang\Boomrang.App\Client\dist\out-tsc\app\app.component.spec.js
C:\Users\FatemehGhaffari\Desktop\boomerang\Boomrang.App\Client\dist\out-tsc\app\app.component.spec.js.map
C:\Users\FatemehGhaffari\Desktop\boomerang\Boomrang.App\Client\dist\out-tsc\app\auth.guard.js
C:\Users\FatemehGhaffari\Desktop\boomerang\Boomrang.App\Client\dist\out-tsc\app\auth.guard.js.map
C:\Users\FatemehGhaffari\Desktop\boomerang\Boomrang.App\Client\dist\out-tsc\app\custom.directive.js
C:\Users\FatemehGhaffari\Desktop\boomerang\Boomrang.App\Client\dist\out-tsc\app\custom.directive.js.map
C:\Users\FatemehGhaffari\Desktop\boomerang\Boomrang.App\Client\dist\out-tsc\app\_admin\admin.service.js
C:\Users\FatemehGhaffari\Desktop\boomerang\Boomrang.App\Client\dist\out-tsc\app\_admin\admin.service.js.map
C:\Users\FatemehGhaffari\Desktop\boomerang\Boomrang.App\Client\dist\out-tsc\app\_admin\admin.service.spec.js
C:\Users\FatemehGhaffari\Desktop\boomerang\Boomrang.App\Client\dist\out-tsc\app\_admin\admin.service.spec.js.map
C:\Users\FatemehGhaffari\Desktop\boomerang\Boomrang.App\Client\dist\out-tsc\app\_admin\admin-list\user-list\user-list.component.spec.js
C:\Users\FatemehGhaffari\Desktop\boomerang\Boomrang.App\Client\dist\out-tsc\app\_admin\admin-list\user-list\user-list.component.spec.js.map
C:\Users\FatemehGhaffari\Desktop\boomerang\Boomrang.App\Client\dist\out-tsc\app\_admin\data-list\data-list\data-list.component.spec.js
C:\Users\FatemehGhaffari\Desktop\boomerang\Boomrang.App\Client\dist\out-tsc\app\_admin\data-list\data-list\data-list.component.spec.js.map
C:\Users\FatemehGhaffari\Desktop\boomerang\Boomrang.App\Client\dist\out-tsc\app\_common\common.service.spec.js
C:\Users\FatemehGhaffari\Desktop\boomerang\Boomrang.App\Client\dist\out-tsc\app\_common\common.service.spec.js.map
C:\Users\FatemehGhaffari\Desktop\boomerang\Boomrang.App\Client\dist\out-tsc\app\_common\add-company\add-company.component.spec.js
C:\Users\FatemehGhaffari\Desktop\boomerang\Boomrang.App\Client\dist\out-tsc\app\_common\add-company\add-company.component.spec.js.map
C:\Users\FatemehGhaffari\Desktop\boomerang\Boomrang.App\Client\dist\out-tsc\app\_common\add-data\add-data\add-data.component.spec.js
C:\Users\FatemehGhaffari\Desktop\boomerang\Boomrang.App\Client\dist\out-tsc\app\_common\add-data\add-data\add-data.component.spec.js.map
C:\Users\FatemehGhaffari\Desktop\boomerang\Boomrang.App\Client\dist\out-tsc\app\_common\edit-data\edit-company.component.spec.js
C:\Users\FatemehGhaffari\Desktop\boomerang\Boomrang.App\Client\dist\out-tsc\app\_common\edit-data\edit-company.component.spec.js.map
C:\Users\FatemehGhaffari\Desktop\boomerang\Boomrang.App\Client\dist\out-tsc\app\_common\login\components\login.component.spec.js
C:\Users\FatemehGhaffari\Desktop\boomerang\Boomrang.App\Client\dist\out-tsc\app\_common\login\components\login.component.spec.js.map
C:\Users\FatemehGhaffari\Desktop\boomerang\Boomrang.App\Client\dist\out-tsc\app\_common\navbar\navbar.service.js
C:\Users\FatemehGhaffari\Desktop\boomerang\Boomrang.App\Client\dist\out-tsc\app\_common\navbar\navbar.service.js.map
C:\Users\FatemehGhaffari\Desktop\boomerang\Boomrang.App\Client\dist\out-tsc\app\_common\navbar\navbar.service.spec.js
C:\Users\FatemehGhaffari\Desktop\boomerang\Boomrang.App\Client\dist\out-tsc\app\_common\navbar\navbar.service.spec.js.map
C:\Users\FatemehGhaffari\Desktop\boomerang\Boomrang.App\Client\dist\out-tsc\app\_common\navbar\components\navbar.component.spec.js
C:\Users\FatemehGhaffari\Desktop\boomerang\Boomrang.App\Client\dist\out-tsc\app\_common\navbar\components\navbar.component.spec.js.map
C:\Users\FatemehGhaffari\Desktop\boomerang\Boomrang.App\Client\dist\out-tsc\app\_common\signup\signup.component.spec.js
C:\Users\FatemehGhaffari\Desktop\boomerang\Boomrang.App\Client\dist\out-tsc\app\_common\signup\signup.component.spec.js.map
C:\Users\FatemehGhaffari\Desktop\boomerang\Boomrang.App\Client\dist\out-tsc\app\environments\environment.prod.js
C:\Users\FatemehGhaffari\Desktop\boomerang\Boomrang.App\Client\dist\out-tsc\app\environments\environment.prod.js.map
C:\Users\FatemehGhaffari\Desktop\boomerang\Boomrang.App\Client\dist\out-tsc\app\environments\environment.js
C:\Users\FatemehGhaffari\Desktop\boomerang\Boomrang.App\Client\dist\out-tsc\app\environments\environment.js.map
C:\Users\FatemehGhaffari\Desktop\boomerang\Boomrang.App\Client\dist\out-tsc\environments\environment.prod.js
C:\Users\FatemehGhaffari\Desktop\boomerang\Boomrang.App\Client\dist\out-tsc\environments\environment.prod.js.map
